<?xml version="1.0" encoding="UTF-8"?>
<!-- Generated by org.testng.reporters.JUnitReportReporter -->
<testsuite skipped="0" hostname="LAPTOP-NMG86DD0" name="com.acti.base.DriverScript" tests="1" failures="0" timestamp="8 Nov 2020 03:10:51 GMT" time="17.564" errors="0">
  <testcase name="initBrowser" time="17.564" classname="com.acti.base.DriverScript"/>
</testsuite> <!-- com.acti.base.DriverScript -->
