<?xml version="1.0" encoding="UTF-8"?>
<!-- Generated by org.testng.reporters.JUnitReportReporter -->
<testsuite skipped="1" hostname="LAPTOP-NMG86DD0" name="com.acti.testcase.TC01_logintest" tests="1" failures="0" timestamp="9 Nov 2020 02:02:59 GMT" time="0.000" errors="0">
  <testcase name="testloginformultiuser" time="0.000" classname="com.acti.testcase.TC01_logintest">
    <skipped/>
  </testcase> <!-- testloginformultiuser -->
</testsuite> <!-- com.acti.testcase.TC01_logintest -->
